<?xml version="1.0" encoding="UTF-8"?>
<testng-results ignored="0" total="2" passed="2" failed="0" skipped="0">
  <reporter-output>
  </reporter-output>
  <suite started-at="2020-08-28T08:57:19 CDT" name="Default suite" finished-at="2020-08-28T08:58:05 CDT" duration-ms="46206">
    <groups>
    </groups>
    <test started-at="2020-08-28T08:57:19 CDT" name="Default test" finished-at="2020-08-28T08:58:05 CDT" duration-ms="46206">
      <class name="TEST.case1">
        <test-method signature="negativeLogin()[pri:0, instance:TEST.case1@79efed2d]" started-at="2020-08-28T08:57:19 CDT" name="negativeLogin" finished-at="2020-08-28T08:57:49 CDT" duration-ms="30002" status="PASS">
          <reporter-output>
          </reporter-output>
        </test-method> <!-- negativeLogin -->
        <test-method signature="registation()[pri:0, instance:TEST.case1@79efed2d]" started-at="2020-08-28T08:57:49 CDT" name="registation" finished-at="2020-08-28T08:58:05 CDT" duration-ms="16127" status="PASS">
          <reporter-output>
          </reporter-output>
        </test-method> <!-- registation -->
      </class> <!-- TEST.case1 -->
    </test> <!-- Default test -->
  </suite> <!-- Default suite -->
</testng-results>
